<?xml version="1.0" encoding="UTF-8"?>
<!-- Generated by org.testng.reporters.JUnitReportReporter -->
<testsuite hostname="DESKTOP-1E77BFR" failures="0" tests="3" name="serialAndPrallTC.Serial_TestNg" time="86.452" errors="0" timestamp="2023-12-25T15:58:30 GMT-08:00" skipped="0">
  <testcase classname="serialAndPrallTC.Serial_TestNg" name="TC1" time="32.512">
    <system-out>
      <![CDATA[TC 1 is running:]]>
    </system-out>
  </testcase> <!-- TC1 -->
  <testcase classname="serialAndPrallTC.Serial_TestNg" name="TC3" time="32.959">
    <system-out>
      <![CDATA[TC 3 is running:]]>
    </system-out>
  </testcase> <!-- TC3 -->
  <testcase classname="serialAndPrallTC.Serial_TestNg" name="TC2" time="20.981">
    <system-out>
      <![CDATA[TC 2 is running:]]>
    </system-out>
  </testcase> <!-- TC2 -->
  <system-out>
    <![CDATA[TC 1 is running:
TC 2 is running:
TC 3 is running:]]>
  </system-out>
</testsuite> <!-- serialAndPrallTC.Serial_TestNg -->
