<?xml version="1.0" encoding="UTF-8"?>
<!-- Generated by org.testng.reporters.JUnitReportReporter -->
<testsuite hostname="DESKTOP-1E77BFR" failures="0" tests="3" name="testNg.TestNgClass3" time="72.666" errors="0" timestamp="2023-12-19T10:15:44 GMT-08:00" skipped="0">
  <testcase classname="testNg.TestNgClass3" name="amazonLaunch" time="34.693">
    <system-out>
      <![CDATA[amazonLaunch: boolean true]]>
    </system-out>
  </testcase> <!-- amazonLaunch -->
  <testcase classname="testNg.TestNgClass3" name="fbLaunch" time="20.197">
    <system-out>
      <![CDATA[fbLaunch: boolean true]]>
    </system-out>
  </testcase> <!-- fbLaunch -->
  <testcase classname="testNg.TestNgClass3" name="flipkartLaunch" time="17.776">
    <system-out>
      <![CDATA[ flipkartLaunch: boolean true]]>
    </system-out>
  </testcase> <!-- flipkartLaunch -->
  <system-out>
    <![CDATA[amazonLaunch: boolean true
fbLaunch: boolean true
 flipkartLaunch: boolean true]]>
  </system-out>
</testsuite> <!-- testNg.TestNgClass3 -->
