<?xml version="1.0" encoding="UTF-8"?>
<!-- Generated by org.testng.reporters.JUnitReportReporter -->
<testsuite hostname="DESKTOP-1E77BFR" failures="0" tests="1" name="crossBrowering_testing.FbData" time="21.696" errors="0" timestamp="2023-12-27T10:35:58 GMT-08:00" skipped="0">
  <testcase classname="crossBrowering_testing.FbData" name="f" time="21.696"/>
</testsuite> <!-- crossBrowering_testing.FbData -->
