<?xml version="1.0" encoding="UTF-8"?>
<!-- Generated by org.testng.reporters.JUnitReportReporter -->
<testsuite hostname="DESKTOP-1E77BFR" failures="0" tests="1" name="testNg.TestNgClass2" time="0.011" errors="0" timestamp="2023-12-19T09:38:31 GMT-08:00" skipped="0">
  <testcase classname="testNg.TestNgClass2" name="myMethod" time="0.011">
    <system-out>
      <![CDATA[Hello and report : boolean true
Hello ...report: boolean false]]>
    </system-out>
  </testcase> <!-- myMethod -->
  <system-out>
    <![CDATA[Hello and report : boolean true
Hello ...report: boolean false]]>
  </system-out>
</testsuite> <!-- testNg.TestNgClass2 -->
