<?xml version="1.0" encoding="UTF-8"?>
<!-- Generated by org.testng.reporters.JUnitReportReporter -->
<testsuite hostname="DESKTOP-1E77BFR" failures="0" tests="1" name="testNg.NewTest" time="15.871" errors="0" timestamp="2023-12-18T18:07:34 GMT-08:00" skipped="0">
  <testcase classname="testNg.NewTest" name="f" time="15.871"/>
</testsuite> <!-- testNg.NewTest -->
