<?xml version="1.0" encoding="UTF-8"?>
<!-- Generated by org.testng.reporters.JUnitReportReporter -->
<testsuite hostname="DESKTOP-1E77BFR" failures="0" tests="5" name="testNg.PriorityStudy" time="0.019" errors="0" timestamp="2023-12-20T10:02:34 GMT-08:00" skipped="0">
  <testcase classname="testNg.PriorityStudy" name="c" time="0.010">
    <system-out>
      <![CDATA[Priority c: ]]>
    </system-out>
  </testcase> <!-- c -->
  <testcase classname="testNg.PriorityStudy" name="e" time="0.002">
    <system-out>
      <![CDATA[Priority e: ]]>
    </system-out>
  </testcase> <!-- e -->
  <testcase classname="testNg.PriorityStudy" name="b" time="0.002">
    <system-out>
      <![CDATA[Priority b: ]]>
    </system-out>
  </testcase> <!-- b -->
  <testcase classname="testNg.PriorityStudy" name="a" time="0.003">
    <system-out>
      <![CDATA[Priority a: ]]>
    </system-out>
  </testcase> <!-- a -->
  <testcase classname="testNg.PriorityStudy" name="d" time="0.002">
    <system-out>
      <![CDATA[Priority d: ]]>
    </system-out>
  </testcase> <!-- d -->
  <system-out>
    <![CDATA[Priority c: 
Priority e: 
Priority b: 
Priority a: 
Priority d: ]]>
  </system-out>
</testsuite> <!-- testNg.PriorityStudy -->
