<?xml version="1.0" encoding="UTF-8"?>
<!-- Generated by org.testng.reporters.JUnitReportReporter -->
<testsuite hostname="DESKTOP-1E77BFR" failures="1" tests="4" name="testNg1.MyClass1" time="0.007" errors="0" timestamp="2024-01-03T15:04:39 IST" skipped="1">
  <testcase classname="testNg1.MyClass1" name="c" time="0.000">
    <skipped/>
    <system-out>
      <![CDATA[Tc c is Skipped , please check depends on method  ]]>
    </system-out>
  </testcase> <!-- c -->
  <testcase classname="testNg1.MyClass1" name="d" time="0.002">
    <system-out>
      <![CDATA[Tcdis excution started  
Hi d is running
Tc d  completed is successfull  ]]>
    </system-out>
  </testcase> <!-- d -->
  <testcase classname="testNg1.MyClass1" name="a" time="0.003">
    <system-out>
      <![CDATA[Tcais excution started  
Hi a is running
Tc a  completed is successfull  ]]>
    </system-out>
  </testcase> <!-- a -->
  <testcase classname="testNg1.MyClass1" name="b" time="0.002">
    <failure message="null" type="java.lang.AssertionError">
      <![CDATA[java.lang.AssertionError: null
at org.testng.Assert.fail(Assert.java:111)
at org.testng.Assert.fail(Assert.java:116)
at testNg1.MyClass1.b(MyClass1.java:17)
at java.base/jdk.internal.reflect.DirectMethodHandleAccessor.invoke(DirectMethodHandleAccessor.java:104)
at java.base/java.lang.reflect.Method.invoke(Method.java:578)
at org.testng.internal.invokers.MethodInvocationHelper.invokeMethod(MethodInvocationHelper.java:139)
at org.testng.internal.invokers.TestInvoker.invokeMethod(TestInvoker.java:664)
at org.testng.internal.invokers.TestInvoker.invokeTestMethod(TestInvoker.java:227)
at org.testng.internal.invokers.MethodRunner.runInSequence(MethodRunner.java:50)
at org.testng.internal.invokers.TestInvoker$MethodInvocationAgent.invoke(TestInvoker.java:957)
at org.testng.internal.invokers.TestInvoker.invokeTestMethods(TestInvoker.java:200)
at org.testng.internal.invokers.TestMethodWorker.invokeTestMethods(TestMethodWorker.java:148)
at org.testng.internal.invokers.TestMethodWorker.run(TestMethodWorker.java:128)
at java.base/java.util.ArrayList.forEach(ArrayList.java:1511)
at org.testng.TestRunner.privateRun(TestRunner.java:848)
at org.testng.TestRunner.run(TestRunner.java:621)
at org.testng.SuiteRunner.runTest(SuiteRunner.java:443)
at org.testng.SuiteRunner.runSequentially(SuiteRunner.java:437)
at org.testng.SuiteRunner.privateRun(SuiteRunner.java:397)
at org.testng.SuiteRunner.run(SuiteRunner.java:336)
at org.testng.SuiteRunnerWorker.runSuite(SuiteRunnerWorker.java:52)
at org.testng.SuiteRunnerWorker.run(SuiteRunnerWorker.java:95)
at org.testng.TestNG.runSuitesSequentially(TestNG.java:1280)
at org.testng.TestNG.runSuitesLocally(TestNG.java:1200)
at org.testng.TestNG.runSuites(TestNG.java:1114)
at org.testng.TestNG.run(TestNG.java:1082)
at org.testng.remote.AbstractRemoteTestNG.run(AbstractRemoteTestNG.java:115)
at org.testng.remote.RemoteTestNG.initAndRun(RemoteTestNG.java:251)
at org.testng.remote.RemoteTestNG.main(RemoteTestNG.java:77)
]]>
    </failure>
    <system-out>
      <![CDATA[Tcbis excution started  
Tcb is failed Please chech again  ]]>
    </system-out>
  </testcase> <!-- b -->
  <system-out>
    <![CDATA[Tcfis excution started  
Tcf is failed Please chech again  
Tchis excution started  
Hi h is running
Tc h  completed is successfull  
Tceis excution started  
Hi e is running
Tc e  completed is successfull  
Tcgis excution started  
Tc g is Skipped , please check depends on method  
Tcais excution started  
Hi a is running
Tc a  completed is successfull  
Tcbis excution started  
Tcb is failed Please chech again  
Tcdis excution started  
Hi d is running
Tc d  completed is successfull  
Tccis excution started  
Tc c is Skipped , please check depends on method  ]]>
  </system-out>
</testsuite> <!-- testNg1.MyClass1 -->
