<?xml version="1.0" encoding="UTF-8"?>
<!-- Generated by org.testng.reporters.JUnitReportReporter -->
<testsuite hostname="DESKTOP-1E77BFR" failures="0" tests="1" name="testNg1.BrowseLaunch" time="23.085" errors="0" timestamp="2023-12-18T18:15:16 GMT-08:00" skipped="0">
  <testcase classname="testNg1.BrowseLaunch" name="f" time="23.085">
    <system-out>
      <![CDATA[Hello and report : boolean true
Hello ...report: boolean false]]>
    </system-out>
  </testcase> <!-- f -->
  <system-out>
    <![CDATA[Hello and report : boolean true
Hello ...report: boolean false]]>
  </system-out>
</testsuite> <!-- testNg1.BrowseLaunch -->
