<?xml version="1.0" encoding="UTF-8"?>
<!-- Generated by org.testng.reporters.JUnitReportReporter -->
<testsuite hostname="DESKTOP-1E77BFR" failures="0" tests="2" name="testNg.Testclass2" time="0.011" errors="0" timestamp="2023-12-22T14:15:40 GMT-08:00" skipped="0">
  <testcase classname="testNg.Testclass2" name="TC6" time="0.010">
    <system-out>
      <![CDATA[TC 6 is running:]]>
    </system-out>
  </testcase> <!-- TC6 -->
  <testcase classname="testNg.Testclass2" name="TC8" time="0.001">
    <system-out>
      <![CDATA[TC 8 is running:]]>
    </system-out>
  </testcase> <!-- TC8 -->
  <system-out>
    <![CDATA[TC 6 is running:
TC 8 is running:]]>
  </system-out>
</testsuite> <!-- testNg.Testclass2 -->
