<?xml version="1.0" encoding="UTF-8"?>
<!-- Generated by org.testng.reporters.JUnitReportReporter -->
<testsuite hostname="DESKTOP-1E77BFR" failures="0" tests="4" name="testNg.EnabledStudy" time="0.014" errors="0" timestamp="2023-12-21T12:24:21 GMT-08:00" skipped="2">
  <testcase classname="testNg.EnabledStudy" name="b" time="0.012">
    <system-out>
      <![CDATA[b is running:]]>
    </system-out>
  </testcase> <!-- b -->
  <testcase classname="testNg.EnabledStudy" name="d" time="0.002">
    <system-out>
      <![CDATA[d is running:]]>
    </system-out>
  </testcase> <!-- d -->
  <testcase classname="testNg.EnabledStudy" name="a">
    <skipped/>
  </testcase> <!-- a -->
  <testcase classname="testNg.EnabledStudy" name="c">
    <skipped/>
  </testcase> <!-- c -->
  <system-out>
    <![CDATA[b is running:
d is running:]]>
  </system-out>
</testsuite> <!-- testNg.EnabledStudy -->
