<?xml version="1.0" encoding="UTF-8"?>
<!-- Generated by org.testng.reporters.JUnitReportReporter -->
<testsuite hostname="DESKTOP-1E77BFR" failures="0" tests="2" name="coverFoxTest_TestNG.CF_TC555_Validate_search_results_for_healthcare_policies" time="25.190" errors="0" timestamp="2024-01-07T22:15:17 IST" skipped="1">
  <testcase classname="coverFoxTest_TestNG.CF_TC555_Validate_search_results_for_healthcare_policies" name="validateSortPlanbutton" time="25.190">
    <system-out>
      <![CDATA[ValidingsortPlan sortplanfiledPrescency]]>
    </system-out>
  </testcase> <!-- validateSortPlanbutton -->
  <testcase classname="coverFoxTest_TestNG.CF_TC555_Validate_search_results_for_healthcare_policies" name="validateTestPlansFromTextAndBanners">
    <skipped/>
  </testcase> <!-- validateTestPlansFromTextAndBanners -->
  <system-out>
    <![CDATA[Launching browser 
clicking on gender button 
clicking on next button 
Handeling age drop down 
Reading data from excelSheet
Clicking on next button 
Entering pin code 
Reading data from excelSheet
Entering mobile num 
Reading data from excelSheet
Clicking on continue button 
ValidingsortPlan sortplanfiledPrescency]]>
  </system-out>
</testsuite> <!-- coverFoxTest_TestNG.CF_TC555_Validate_search_results_for_healthcare_policies -->
