<?xml version="1.0" encoding="UTF-8"?>
<!-- Generated by org.testng.reporters.JUnitReportReporter -->
<testsuite hostname="DESKTOP-1E77BFR" failures="0" tests="1" name="testNg.TestClass1" time="0.011" errors="0" timestamp="2023-12-22T12:21:34 GMT-08:00" skipped="0">
  <testcase classname="testNg.TestClass1" name="TC1" time="0.011">
    <system-out>
      <![CDATA[TC 1 is running:]]>
    </system-out>
  </testcase> <!-- TC1 -->
  <system-out>
    <![CDATA[TC 1 is running:]]>
  </system-out>
</testsuite> <!-- testNg.TestClass1 -->
