<?xml version="1.0" encoding="UTF-8"?>
<!-- Generated by org.testng.reporters.JUnitReportReporter -->
<testsuite hostname="DESKTOP-1E77BFR" failures="0" tests="1" name="AssertTestNG.Assert_Hard_equal_andNotequal" time="0.015" errors="0" timestamp="2023-12-25T14:48:57 GMT-08:00" skipped="0">
  <testcase classname="AssertTestNG.Assert_Hard_equal_andNotequal" name="VerifyTtile" time="0.015"/>
</testsuite> <!-- AssertTestNG.Assert_Hard_equal_andNotequal -->
