<?xml version="1.0" encoding="UTF-8"?>
<!-- Generated by org.testng.reporters.JUnitReportReporter -->
<testsuite hostname="DESKTOP-1E77BFR" failures="0" tests="5" name="testNg.AllPriority" time="1.037" errors="0" timestamp="2023-12-21T12:55:17 GMT-08:00" skipped="0">
  <testcase classname="testNg.AllPriority" name="a" time="0.002">
    <system-out>
      <![CDATA[a is running:]]>
    </system-out>
  </testcase> <!-- a -->
  <testcase classname="testNg.AllPriority" name="b" time="0.010">
    <system-out>
      <![CDATA[b is running:]]>
    </system-out>
  </testcase> <!-- b -->
  <testcase classname="testNg.AllPriority" name="b" time="0.001">
    <system-out>
      <![CDATA[b is running:]]>
    </system-out>
  </testcase> <!-- b -->
  <testcase classname="testNg.AllPriority" name="c" time="1.022">
    <system-out>
      <![CDATA[c is running:]]>
    </system-out>
  </testcase> <!-- c -->
  <testcase classname="testNg.AllPriority" name="d" time="0.002">
    <system-out>
      <![CDATA[d is running:]]>
    </system-out>
  </testcase> <!-- d -->
  <system-out>
    <![CDATA[b is running:
b is running:
c is running:
d is running:
a is running:]]>
  </system-out>
</testsuite> <!-- testNg.AllPriority -->
