<?xml version="1.0" encoding="UTF-8"?>
<!-- Generated by org.testng.reporters.JUnitReportReporter -->
<testsuite hostname="DESKTOP-1E77BFR" failures="0" tests="10" name="testNg.InvocationCount" time="0.024" errors="0" timestamp="2023-12-20T10:09:24 GMT-08:00" skipped="0">
  <testcase classname="testNg.InvocationCount" name="a" time="0.001">
    <system-out>
      <![CDATA[TC a is running :]]>
    </system-out>
  </testcase> <!-- a -->
  <testcase classname="testNg.InvocationCount" name="a" time="0.002">
    <system-out>
      <![CDATA[TC a is running :]]>
    </system-out>
  </testcase> <!-- a -->
  <testcase classname="testNg.InvocationCount" name="a" time="0.010">
    <system-out>
      <![CDATA[TC a is running :]]>
    </system-out>
  </testcase> <!-- a -->
  <testcase classname="testNg.InvocationCount" name="c" time="0.001">
    <system-out>
      <![CDATA[TC c is running :]]>
    </system-out>
  </testcase> <!-- c -->
  <testcase classname="testNg.InvocationCount" name="a" time="0.001">
    <system-out>
      <![CDATA[TC a is running :]]>
    </system-out>
  </testcase> <!-- a -->
  <testcase classname="testNg.InvocationCount" name="b" time="0.002">
    <system-out>
      <![CDATA[TC b is running :]]>
    </system-out>
  </testcase> <!-- b -->
  <testcase classname="testNg.InvocationCount" name="c" time="0.002">
    <system-out>
      <![CDATA[TC c is running :]]>
    </system-out>
  </testcase> <!-- c -->
  <testcase classname="testNg.InvocationCount" name="c" time="0.001">
    <system-out>
      <![CDATA[TC c is running :]]>
    </system-out>
  </testcase> <!-- c -->
  <testcase classname="testNg.InvocationCount" name="a" time="0.002">
    <system-out>
      <![CDATA[TC a is running :]]>
    </system-out>
  </testcase> <!-- a -->
  <testcase classname="testNg.InvocationCount" name="c" time="0.002">
    <system-out>
      <![CDATA[TC c is running :]]>
    </system-out>
  </testcase> <!-- c -->
  <system-out>
    <![CDATA[TC a is running :
TC a is running :
TC a is running :
TC a is running :
TC a is running :
TC b is running :
TC c is running :
TC c is running :
TC c is running :
TC c is running :]]>
  </system-out>
</testsuite> <!-- testNg.InvocationCount -->
