<?xml version="1.0" encoding="UTF-8"?>
<!-- Generated by org.testng.reporters.JUnitReportReporter -->
<testsuite hostname="DESKTOP-1E77BFR" failures="0" tests="2" name="testNg.AllAnoations" time="0.010" errors="0" timestamp="2023-12-20T10:27:27 GMT-08:00" skipped="0">
  <testcase classname="testNg.AllAnoations" name="test2" time="0.003">
    <system-out>
      <![CDATA[display test2 method]]>
    </system-out>
  </testcase> <!-- test2 -->
  <testcase classname="testNg.AllAnoations" name="test1" time="0.007">
    <system-out>
      <![CDATA[display z method]]>
    </system-out>
  </testcase> <!-- test1 -->
  <system-out>
    <![CDATA[BeforeSuite use
BeforeTest use
BeforeClass use
BeforeMethod use
display z method
Aftermethod use
BeforeMethod use
display test2 method
Aftermethod use
AfterClass use
AfterTest use
AfterSuite s use]]>
  </system-out>
</testsuite> <!-- testNg.AllAnoations -->
