<?xml version="1.0" encoding="UTF-8"?>
<!-- Generated by org.testng.reporters.JUnitReportReporter -->
<testsuite hostname="DESKTOP-1E77BFR" failures="0" tests="2" name="testNg.TestAutomation" time="0.019" errors="0" timestamp="2023-12-19T11:51:19 GMT-08:00" skipped="0">
  <testcase classname="testNg.TestAutomation" name="test1" time="0.016">
    <system-out>
      <![CDATA[display z method]]>
    </system-out>
  </testcase> <!-- test1 -->
  <testcase classname="testNg.TestAutomation" name="test2" time="0.003">
    <system-out>
      <![CDATA[display 2nd test method]]>
    </system-out>
  </testcase> <!-- test2 -->
  <system-out>
    <![CDATA[BeforeMethod use
display z method
Aftermethod use
BeforeMethod use
display 2nd test method
Aftermethod use]]>
  </system-out>
</testsuite> <!-- testNg.TestAutomation -->
